                                                     REPLACEMENT CLAIMS REPORT                                            PAGE:    1
 
POLICY #       CUSTOMER NAME            PRD     CLAIM       AMOUNT         DEDUCTIBLE      JUSTIFICATION
 
QUE-525175     Talia Yes                OTH     REPAIR      1,623.62          129.89        Control board failure
ONT-434795     Celka Savile             WAS     REPAIR      2,617.47          209.40        Compressor making noise
QUE-676574     Wylie Cary               ACO     REPAIR      2,230.36          178.43        C
ONT-584913     Ash Baudoux              OTH     REPAIR      4,373.81          349.90        Unusual vibration observed
ALB-117370     Trista Ashcroft          FRG     REPAIR      3,380.20          270.42        Electrical fault detected
QUE-632495     Honoria Beckham          OTH     REPAIR      3,275.12          262.01        Electrical fault detected
ALB-681614     Marven Lea               FRG     REPAIR      4,999.99          400.00        Water leakage found
ALB-210434     J                        OTH     REPAIR      2,646.34          211.71        Electrical fault detected
QUE-369365     Philippine Sabey         ACO     REPAIR        488.36           39.07        Electrical fault detected
QUE-632086     Fletcher Jeyes           OTH     REPAIR      2,217.85          177.43        Frequent power trips
QUE-503072     Opalina Brumble          WAS     REPAIR        287.01           22.96        Unit not cooling properly
MAN-035012     Brittney Rizzo           STV     REPAIR        208.01           16.64        Compressor making noise
ONT-544825     Mae Grivori              ACO     REPAIR      1,303.98          104.32        Frequent power trips
MAN-606877     Layne Doniso             OTH     REPAIR      1,442.45          115.40        Inconsistent heating
ALB-860032     Trista Pepi              FRG     REPAIR      1,707.34          136.59        Electrical fault detected
QUE-638160     Talia Sabey              OTH     REPAIR      3,460.41          276.83        Electrical fault detected
ALB-899765     Brittney Cary            OTH     REPAIR      4,225.19          338.02        Frequent power trips
QUE-393861     Denyse Busse             WAS     REPAIR         32.08            2.57        Unusual vibration observed
ALB-105358     Jenifer Pierce           FRG     REPAIR         12.47            1.00        Water leakage found
MAN-054333     Mae Pepi                 STV     REPAIR      1,541.28          123.30        Unresponsive control panel
 
 
                                                     REPLACEMENT CLAIMS REPORT                                            PAGE:    2
 
POLICY #       CUSTOMER NAME            PRD     CLAIM       AMOUNT         DEDUCTIBLE      JUSTIFICATION
 
ONT-540382     Marven Denkin            ACO     REPAIR      4,086.77          326.94        Control board failure
ALB-640409     Hersch Dantesia          STV     REPAIR      1,821.02          145.68        Control board failure
MAN-781599     Ryan Pavis               FRG     REPAIR      2,133.66          170.69        Frequent power trips
QUE-416439     Opalina Baynon           WAS     REPAIR      3,489.19          279.14        Control board failure
ONT-699002     Thacher Ashcroft         FRG     REPAIR      4,780.74          382.46        Water leakage found
ONT-671218     Chalmers Jiru            ACO     REPAIR      2,894.04          231.52        Electrical fault detected
ONT-396284     Mae Mockler              STV     REPAIR      3,108.32          248.67        Unit not cooling properly
MAN-649836     Leilah Yes               FRG     REPAIR      3,464.22          277.14        Compressor making noise
ONT-692370     Wylie Sabey              WAS     REPAIR      3,462.88          277.03        Broken display panel
MAN-637824     Rowney Dantesia          OTH     REPAIR      1,460.04          116.80        Control board failure
ONT-459602     Celka de Glanville       ACO     REPAIR      2,656.92          212.55        Compressor making noise
ALB-896902     Waylin Carnoghan         OTH     REPAIR      3,920.22          313.62        Inconsistent heating
ALB-665866     Brittney Yes             OTH     REPAIR        344.44           27.56        Compressor making noise
ONT-432586     Dallas Killby            WAS     REPAIR      3,763.33          301.07        Broken display panel
QUE-354029     Talia Iannetti           ACO     REPAIR      2,827.44          226.20        Unit not cooling properly
MAN-112236     Noni Sabey               ACO     REPAIR      3,790.83          303.27        Electrical fault detected
ONT-488585     Waylin Jeyes             ACO     REPAIR      2,606.51          208.52        Inconsistent heating
ALB-101366     Celka Stears             STV     REPAIR      2,801.61          224.13        Broken display panel
ONT-587177     Fletcher Heggs           ACO     REPAIR      3,251.09          260.09        Unresponsive control panel
MAN-239975     Mae Antonopoulos         WAS     REPAIR      4,614.80          369.18        Frequent power trips
 
 
                                                     REPLACEMENT CLAIMS REPORT                                            PAGE:    3
 
POLICY #       CUSTOMER NAME            PRD     CLAIM       AMOUNT         DEDUCTIBLE      JUSTIFICATION
 
ALB-803174     Trista Carnoghan         WAS     REPAIR        940.74           75.26        Compressor making noise
QUE-750000     Verine Savile            OTH     REPAIR        297.02           23.76        Water leakage found
ALB-852692     Ash Antonopoulos         WAS     REPAIR      4,918.27          393.46        Inconsistent heating
ONT-405853     Odelinda Grivori         FRG     REPAIR      3,105.22          248.42        Unit not cooling properly
ONT-629196     Henry Doniso             OTH     REPAIR      1,306.82          104.55        Unit not cooling properly
QUE-554832     Fletcher Beckham         STV     REPAIR      4,914.68          393.17        Compressor making noise
MAN-555858     Philippine Denkin        WAS     REPAIR      3,635.45          290.84        Control board failure
QUE-350000     Winnah Jeyes             ACO     REPAIR      2,605.70          208.46        Compressor making noise
QUE-644606     Henry Pierce             STV     REPAIR      4,892.14          391.37        Compressor making noise
ALB-444087     Rowney Baynon            OTH     REPAIR      4,580.48          366.44        Unusual vibration observed
MAN-477545     Philippine Pierce        WAS     REPAIR      2,161.55          172.92        Electrical fault detected
ONT-671215     Marven Leneham           STV     REPAIR      2,214.40          177.15        Unusual vibration observed
ALB-305585     Celka Eagleton           FRG     REPAIR      1,013.63           81.09        Broken display panel
QUE-375489     Abbey Mollon             ACO     REPAIR      2,983.38          238.67        Frequent power trips
ALB-075988     Trista Brumble           WAS     REPAIR      1,593.76          127.50        Inconsistent heating
ALB-857095     Jenifer Jiru             ACO     REPAIR      2,177.78          174.22        Electrical fault detected
ALB-859945     Thaddeus Sambedge        ACO     REPAIR      2,877.28          230.18        Unit not cooling properly
QUE-463075     Trista Leneham           FRG     REPAIR        694.60           55.57        Frequent power trips
ONT-525494     Wylie Ashcroft           FRG     REPAIR      3,695.67          295.65        Water leakage found
ALB-361638     Ryan Yes                 ACO     REPAIR      4,843.56          387.48        Unresponsive control panel
 
 
                                                     REPLACEMENT CLAIMS REPORT                                            PAGE:    4
 
POLICY #       CUSTOMER NAME            PRD     CLAIM       AMOUNT         DEDUCTIBLE      JUSTIFICATION
 
ONT-714724     Chalmers Cary            ACO     REPAIR      4,972.74          397.82        Unit not cooling properly
MAN-664169     Winnah Cary              STV     REPAIR        114.17            9.13        Unusual vibration observed
QUE-638976     Talia Pittford           ACO     REPAIR      4,188.02          335.04        Frequent power trips
ALB-475313      sh Ashcroft             WAS     REPAIR      1,940.67          155.25        Inconsistent heating
ONT-478045     Denyse Beckham           STV     REPAIR      4,871.59          389.73        Unresponsive control panel
QUE-678750     Chelsea Pierce           WAS     REPAIR        761.02           60.88        Unit not cooling properly
QUE-622309     Henry Brazier            OTH     REPAIR      1,070.82           85.67        Control board failure
ONT-489537     Jenifer Denkin           STV     REPAIR      2,269.56          181.56        Unusual vibration observed
MAN-783155     Goldi Dantesia           WAS     REPAIR      3,382.26          270.58        Inconsistent heating
QUE-583258     Ash Clementson           FRG     REPAIR      4,183.15          334.65        Compressor making noise
ONT-417682     Opalina Ashcroft         WAS     REPAIR      2,859.14          228.73        Unresponsive control panel
QUE-675520     Chalmers Guest           FRG     REPAIR      3,912.39          312.99        Electrical fault detected
QUE-647655     Rowney Sabey             OTH     REPAIR      1,301.49          104.12        Broken display panel
QUE-432295     Dallas Guest             STV     REPAIR        933.97           74.72        Unusual vibration observed
MAN-010936     Malachi Stears           ACO     REPAIR      2,103.14          168.25        Inconsistent heating
MAN-087027     Jon Killby               WAS     REPAIR        496.96           39.76        Electrical fault detected
ONT-592974     Rowney Brazier           STV     REPAIR      1,204.30           96.34        Compressor making noise
ALB-790667     Waylin Heggs             OTH     REPAIR      4,491.22          359.30        Broken display panel
 
------------------------------------------------------------------------------------------------------------------------------------
                                                        SUMMARY STATISTICS
 
TOTAL REPLACE RECORDS:       78          TOTAL AMOUNT:  $203,860.15
TOTAL DEDUCTIBLE OWING:  $ 16,308.83
 
PRODUCT:  FRIDGE    Quantity:  13   Percentage:  16.0%
PRODUCT:  STOVE     Quantity:  13   Percentage:  16.0%
PRODUCT:  WASHER    Quantity:  17   Percentage:  21.0%
PRODUCT:  AC UNIT   Quantity:  18   Percentage:  23.0%
PRODUCT:  OTHER     Quantity:  17   Percentage:  21.0%
 
HIGHEST REGION:     ONTARIO      (ID:   1)   Amount: $ 65,405.30
LOWEST REGION:      MANITOBA     (ID:   3)   Amount: $ 30,548.82
