                                                     REPLACEMENT CLAIMS REPORT                                            PAGE:    1
 
POLICY #       CUSTOMER NAME            PRD     CLAIM       AMOUNT         DEDUCTIBLE      JUSTIFICATION
 
MAN-180563     Philippine Grivori       ACO     REPLACE       115.11            9.21        Electrical fault detected
ONT-643917     Verine Denkin            ACO     REPLACE       832.83           66.63        Electrical fault detected
MAN-040391     Hersch Brazier           WAS     REPLACE     4,311.15          344.89        Inconsistent heating
ALB-371661     Jon Carnoghan            FRG     REPLACE     3,490.89          279.27        Unusual vibration observed
MAN-199710     Dallas de Glanville      STV     REPLACE     4,054.40          324.35        Broken display panel
ONT-394905     Jenifer Ashcroft         STV     REPLACE     1,830.60          146.45        Frequent power trips
ONT-616095     Thacher Savile           ACO     REPLACE     1,948.19          155.86        Broken display panel
ALB-451061     Winnah Heggs             STV     REPLACE     2,398.63          191.89        Compressor making noise
ONT-609144     Verine Busse             ACO     REPLACE     1,198.16           95.85        Unresponsive control panel
ALB-629843     Leilah Clementson        OTH     REPLACE     3,311.85          264.95        Unit not cooling properly
QUE-596256     Keith Iannetti           FRG     REPLACE     3,173.88          253.91        Unit not cooling properly
ONT-350000     Waylin Baudoux           FRG     REPLACE     1,538.28          123.06        Electrical fault detected
MAN-290062     Opalina Grivori          OTH     REPLACE     1,360.54          108.84        Inconsistent heating
MAN-482149     Jenifer Busse            WAS     REPLACE     4,360.22          348.82        Inconsistent heating
ONT-710420     Mable Cosbee             FRG     REPLACE     2,793.28          223.46        Water leakage found
ONT-374332     Winnah Mollon            ACO     REPLACE     4,744.54          379.56        Electrical fault detected
QUE-684665     Jon Jeyes                STV     REPLACE     4,349.85          347.99        Frequent power trips
QUE-607325     Philippine Antonopou     STV     REPLACE     1,803.83          144.31        Inconsistent heating
ALB-163032     Mae Killby               FRG     REPLACE        98.90            7.91        Unresponsive control panel
MAN-290015     Mae Carnoghan            ACO     REPLACE     3,027.52          242.20        Control board failure
 
 
                                                     REPLACEMENT CLAIMS REPORT                                            PAGE:    2
 
POLICY #       CUSTOMER NAME            PRD     CLAIM       AMOUNT         DEDUCTIBLE      JUSTIFICATION
 
ONT-548344     Waylin Denkin            FRG     REPLACE     2,138.90          171.11        Unresponsive control panel
ALB-877816     Jon Pepi                 ACO     REPLACE     4,020.60          321.65        Control board failure
QUE-544232     Wylie Pavis              ACO     REPLACE     4,902.23          392.18        Frequent power trips
ONT-364362     Keith Doniso             ACO     REPLACE     2,597.52          207.80        Unusual vibration observed
ALB-362568     Denyse Heggs             OTH     REPLACE     3,800.62          304.05        Inconsistent heating
ALB-486981     Fletcher Pierce          OTH     REPLACE       349.40           27.95        Water leakage found
ALB-027662     Ash Mollon               ACO     REPLACE       756.55           60.52        Unusual vibration observed
ALB-640352     Trista Mollon            WAS     REPLACE     2,390.11          191.21        Inconsistent heating
ALB-688246     Marven Eagleton          WAS     REPLACE         0.01            0.00        Broken display panel
QUE-506757     Henry Heggs              OTH     REPLACE     4,868.58          389.49        Unresponsive control panel
QUE-613736     Winnah Savile            ACO     REPLACE     3,601.30          288.10        Unresponsive control panel
ONT-695723     Eadmund Pittford         OTH     REPLACE       845.41           67.63        Compressor making noise
QUE-474174     Wylie Kennaird           STV     REPLACE     2,112.62          169.01        Broken display panel
MAN-872900     Verine Pierce            OTH     REPLACE       864.26           69.14        Unresponsive control panel
QUE-503452     Mable Leneham            STV     REPLACE     2,784.22          222.74        Broken display panel
ALB-202745     Malachi de Glanville     WAS     REPLACE     4,577.82          366.23        Unusual vibration observed
ALB-260065     Thaddeus Brumble         ACO     REPLACE     4,456.55          356.52        Unit not cooling properly
MAN-242298     Rowney Jeyes             WAS     REPLACE     3,888.45          311.08        Inconsistent heating
ONT-495213     Denyse Leneham           STV     REPLACE     3,271.09          261.69        Frequent power trips
ALB-410316     Leilah de Glanville      WAS     REPLACE     2,448.40          195.87        Unusual vibration observed
 
 
                                                     REPLACEMENT CLAIMS REPORT                                            PAGE:    3
 
POLICY #       CUSTOMER NAME            PRD     CLAIM       AMOUNT         DEDUCTIBLE      JUSTIFICATION
 
MAN-360645     Goldi Pierce             ACO     REPLACE       620.11           49.61        Electrical fault detected
MAN-122897     Rowney Mockler           ACO     REPLACE     2,743.91          219.51        Unit not cooling properly
ONT-732561     Noni Brazier             FRG     REPLACE     4,439.72          355.18        Frequent power trips
QUE-606977     Thacher Yes              ACO     REPLACE     2,025.41          162.03        Inconsistent heating
QUE-438428     Malachi Denkin           FRG     REPLACE       624.28           49.94        Frequent power trips
ONT-742665     Henry Sabey              FRG     REPLACE     3,556.00          284.48        Water leakage found
QUE-576801     Hersch Antonopoulos      ACO     REPLACE     1,773.91          141.91        Compressor making noise
ONT-665418     Goldi Leneham            STV     REPLACE     1,639.95          131.20        Inconsistent heating
ONT-750000     Ryan Clementson          FRG     REPLACE       314.93           25.19        Electrical fault detected
ONT-748377     Jenifer Doniso           ACO     REPLACE       702.46           56.20        Electrical fault detected
ALB-899999     Trista Kennaird          WAS     REPLACE     3,157.35          252.59        Inconsistent heating
MAN-158531     Layne Busse              WAS     REPLACE     2,200.32          176.03        Water leakage found
QUE-691134     Fletcher Baudoux         FRG     REPLACE     2,095.13          167.61        Broken display panel
ALB-061666     Thacher Sabey            STV     REPLACE     1,954.83          156.39        Unusual vibration observed
MAN-081906     Lorilee Sabey            OTH     REPLACE     4,978.13          398.25        Water leakage found
QUE-359900     Jenifer Mollon           ACO     REPLACE     2,474.22          197.94        Control board failure
ONT-719552     Leilah Brumble           FRG     REPLACE     2,868.67          229.49        Broken display panel
MAN-413844     Keith Mockler            OTH     REPLACE       148.70           11.90        Broken display panel
ALB-154695     Philippine Pavis         ACO     REPLACE     3,098.30          247.86        Electrical fault detected
 
------------------------------------------------------------------------------------------------------------------------------------
                                                        SUMMARY STATISTICS
 
TOTAL REPLACE RECORDS:       59          TOTAL AMOUNT:  $146,833.62
TOTAL DEDUCTIBLE OWING:  $ 11,746.69
 
PRODUCT:  FRIDGE    Quantity:  12   Percentage:  20.0%
PRODUCT:  STOVE     Quantity:  10   Percentage:  16.0%
PRODUCT:  WASHER    Quantity:   9   Percentage:  15.0%
PRODUCT:  AC UNIT   Quantity:  19   Percentage:  32.0%
PRODUCT:  OTHER     Quantity:   9   Percentage:  15.0%
 
HIGHEST REGION:     ALBERTA      (ID:   4)   Amount: $ 40,310.81
LOWEST REGION:      MANITOBA     (ID:   3)   Amount: $ 32,672.82
